<?xml version="1.0" encoding="UTF-8"?>
<!-- Generated by org.testng.reporters.JUnitReportReporter -->
<testsuite hostname="Jacobs-Note" name="per.jacobs.driver.test.NewTest" tests="1" failures="1" timestamp="20 Sep 2014 05:52:33 GMT" time="0.001" errors="0">
  <testcase name="f" time="0.001" classname="per.jacobs.driver.test.NewTest">
    <failure type="java.lang.IllegalStateException" message="Driver instance must support JS.">
      <![CDATA[java.lang.IllegalStateException: Driver instance must support JS.
	at com.thoughtworks.selenium.webdriven.WebDriverCommandProcessor.assertDriverSupportsJavascript(WebDriverCommandProcessor.java:165)
	at com.thoughtworks.selenium.webdriven.WebDriverCommandProcessor.<init>(WebDriverCommandProcessor.java:52)
	at com.thoughtworks.selenium.webdriven.WebDriverBackedSelenium.<init>(WebDriverBackedSelenium.java:35)
	at per.jacobs.seed.driver.SeedFirefoxDriver.<init>(SeedFirefoxDriver.java:12)
	at per.jacobs.see.driverFactory.SeedDriverFactory.getDriver(SeedDriverFactory.java:43)
	at per.jacobs.seed.Fruit2.<init>(Fruit2.java:55)
	at per.jacobs.driver.test.NewTest.beforeClass(NewTest.java:14)
	at sun.reflect.NativeMethodAccessorImpl.invoke0(Native Method)
	at sun.reflect.NativeMethodAccessorImpl.invoke(NativeMethodAccessorImpl.java:57)
	at sun.reflect.DelegatingMethodAccessorImpl.invoke(DelegatingMethodAccessorImpl.java:43)
	at java.lang.reflect.Method.invoke(Method.java:606)
	at org.testng.internal.MethodInvocationHelper.invokeMethod(MethodInvocationHelper.java:84)
	at org.testng.internal.Invoker.invokeConfigurationMethod(Invoker.java:564)
	at org.testng.internal.Invoker.invokeConfigurations(Invoker.java:213)
	at org.testng.internal.Invoker.invokeConfigurations(Invoker.java:138)
	at org.testng.internal.TestMethodWorker.invokeBeforeClassMethods(TestMethodWorker.java:175)
	at org.testng.internal.TestMethodWorker.run(TestMethodWorker.java:107)
	at org.testng.TestRunner.privateRun(TestRunner.java:767)
	at org.testng.TestRunner.run(TestRunner.java:617)
	at org.testng.SuiteRunner.runTest(SuiteRunner.java:334)
	at org.testng.SuiteRunner.runSequentially(SuiteRunner.java:329)
	at org.testng.SuiteRunner.privateRun(SuiteRunner.java:291)
	at org.testng.SuiteRunner.run(SuiteRunner.java:240)
	at org.testng.SuiteRunnerWorker.runSuite(SuiteRunnerWorker.java:52)
	at org.testng.SuiteRunnerWorker.run(SuiteRunnerWorker.java:86)
	at org.testng.TestNG.runSuitesSequentially(TestNG.java:1224)
	at org.testng.TestNG.runSuitesLocally(TestNG.java:1149)
	at org.testng.TestNG.run(TestNG.java:1057)
	at org.testng.remote.RemoteTestNG.run(RemoteTestNG.java:111)
	at org.testng.remote.RemoteTestNG.initAndRun(RemoteTestNG.java:204)
	at org.testng.remote.RemoteTestNG.main(RemoteTestNG.java:175)
]]>
    </failure>
  </testcase> <!-- f -->
</testsuite> <!-- per.jacobs.driver.test.NewTest -->
