<?xml version="1.0" encoding="UTF-8"?>
<!-- Generated by org.testng.reporters.JUnitReportReporter -->
<testsuite hostname="Jacobs-Note" name="per.jacobsLin.seed.NewTest" tests="1" failures="1" timestamp="20 Sep 2014 05:42:39 GMT" time="0.003" errors="0">
  <testcase name="f" time="0.003" classname="per.jacobsLin.seed.NewTest">
    <failure type="java.lang.RuntimeException" message="Cannot locate /com/thoughtworks/selenium/webdriven/getText.js">
      <![CDATA[java.lang.RuntimeException: Cannot locate /com/thoughtworks/selenium/webdriven/getText.js
	at com.thoughtworks.selenium.webdriven.JavascriptLibrary.readScriptImpl(JavascriptLibrary.java:107)
	at com.thoughtworks.selenium.webdriven.JavascriptLibrary.readScript(JavascriptLibrary.java:97)
	at com.thoughtworks.selenium.webdriven.JavascriptLibrary.getSeleniumScript(JavascriptLibrary.java:52)
	at com.thoughtworks.selenium.webdriven.CompoundMutator.<init>(CompoundMutator.java:74)
	at com.thoughtworks.selenium.webdriven.WebDriverCommandProcessor.<init>(WebDriverCommandProcessor.java:61)
	at com.thoughtworks.selenium.webdriven.WebDriverCommandProcessor.<init>(WebDriverCommandProcessor.java:49)
	at com.thoughtworks.selenium.webdriven.WebDriverBackedSelenium.<init>(WebDriverBackedSelenium.java:35)
	at per.jacobs.seed.driver.SeedFirefoxDriver.<init>(SeedFirefoxDriver.java:12)
	at per.jacobs.see.driverFactory.SeedDriverFactory.getDriver(SeedDriverFactory.java:43)
	at per.jacobs.seed.Fruit2.<init>(Fruit2.java:55)
	at per.jacobsLin.seed.NewTest.beforeClass(NewTest.java:14)
	at sun.reflect.NativeMethodAccessorImpl.invoke0(Native Method)
	at sun.reflect.NativeMethodAccessorImpl.invoke(NativeMethodAccessorImpl.java:57)
	at sun.reflect.DelegatingMethodAccessorImpl.invoke(DelegatingMethodAccessorImpl.java:43)
	at java.lang.reflect.Method.invoke(Method.java:606)
	at org.testng.internal.MethodInvocationHelper.invokeMethod(MethodInvocationHelper.java:84)
	at org.testng.internal.Invoker.invokeConfigurationMethod(Invoker.java:564)
	at org.testng.internal.Invoker.invokeConfigurations(Invoker.java:213)
	at org.testng.internal.Invoker.invokeConfigurations(Invoker.java:138)
	at org.testng.internal.TestMethodWorker.invokeBeforeClassMethods(TestMethodWorker.java:175)
	at org.testng.internal.TestMethodWorker.run(TestMethodWorker.java:107)
	at org.testng.TestRunner.privateRun(TestRunner.java:767)
	at org.testng.TestRunner.run(TestRunner.java:617)
	at org.testng.SuiteRunner.runTest(SuiteRunner.java:334)
	at org.testng.SuiteRunner.runSequentially(SuiteRunner.java:329)
	at org.testng.SuiteRunner.privateRun(SuiteRunner.java:291)
	at org.testng.SuiteRunner.run(SuiteRunner.java:240)
	at org.testng.SuiteRunnerWorker.runSuite(SuiteRunnerWorker.java:52)
	at org.testng.SuiteRunnerWorker.run(SuiteRunnerWorker.java:86)
	at org.testng.TestNG.runSuitesSequentially(TestNG.java:1224)
	at org.testng.TestNG.runSuitesLocally(TestNG.java:1149)
	at org.testng.TestNG.run(TestNG.java:1057)
	at org.testng.remote.RemoteTestNG.run(RemoteTestNG.java:111)
	at org.testng.remote.RemoteTestNG.initAndRun(RemoteTestNG.java:204)
	at org.testng.remote.RemoteTestNG.main(RemoteTestNG.java:175)
]]>
    </failure>
  </testcase> <!-- f -->
</testsuite> <!-- per.jacobsLin.seed.NewTest -->
